<?xml version="1.0" encoding="UTF-8"?>
<!-- Generated by org.testng.reporters.JUnitReportReporter -->
<testsuite hostname="GORADHAK-LAP" name="test.YahooNewsTest" tests="1" failures="0" timestamp="13 Jun 2016 13:46:13 GMT" time="0.000" errors="0">
  <testcase name="testNews" time="0.000" classname="test.YahooNewsTest"/>
</testsuite>
