<?xml version="1.0" encoding="UTF-8"?>
<!-- Generated by org.testng.reporters.JUnitReportReporter -->
<testsuite hostname="GORADHAK-LAP" name="testng_listeners.LoginTest" tests="2" failures="0" timestamp="14 Jun 2016 14:57:44 GMT" time="0.033" errors="0">
  <testcase name="adminLogin" time="0.003" classname="testng_listeners.LoginTest"/>
  <testcase name="login" time="0.030" classname="testng_listeners.LoginTest"/>
</testsuite> <!-- testng_listeners.LoginTest -->
