<?xml version="1.0" encoding="UTF-8"?>
<!-- Generated by org.testng.reporters.JUnitReportReporter -->
<testsuite hostname="GORADHAK-LAP" name="test.YahooTest" tests="2" failures="0" timestamp="13 Jun 2016 13:46:13 GMT" time="0.000" errors="0">
  <testcase name="testSendMail" time="0.000" classname="test.YahooTest"/>
  <testcase name="testRecieveMail" time="0.000" classname="test.YahooTest"/>
</testsuite>
